{"C:\\Projects\\Open Solution\\config.js": {"path":"C:\\Projects\\Open Solution\\config.js","statementMap":{"0":{"start":{"line":8,"column":15},"end":{"line":8,"column":28}},"1":{"start":{"line":9,"column":17},"end":{"line":9,"column":32}},"2":{"start":{"line":10,"column":15},"end":{"line":10,"column":28}},"3":{"start":{"line":11,"column":18},"end":{"line":15,"column":5}},"4":{"start":{"line":17,"column":4},"end":{"line":131,"column":5}},"5":{"start":{"line":19,"column":29},"end":{"line":19,"column":76}},"6":{"start":{"line":22,"column":8},"end":{"line":34,"column":22}},"7":{"start":{"line":23,"column":27},"end":{"line":23,"column":77}},"8":{"start":{"line":24,"column":12},"end":{"line":33,"column":13}},"9":{"start":{"line":25,"column":33},"end":{"line":25,"column":55}},"10":{"start":{"line":26,"column":16},"end":{"line":32,"column":19}},"11":{"start":{"line":27,"column":36},"end":{"line":27,"column":80}},"12":{"start":{"line":28,"column":39},"end":{"line":28,"column":71}},"13":{"start":{"line":29,"column":20},"end":{"line":31,"column":21}},"14":{"start":{"line":30,"column":24},"end":{"line":30,"column":76}},"15":{"start":{"line":37,"column":8},"end":{"line":56,"column":22}},"16":{"start":{"line":38,"column":34},"end":{"line":38,"column":70}},"17":{"start":{"line":39,"column":12},"end":{"line":55,"column":13}},"18":{"start":{"line":40,"column":29},"end":{"line":40,"column":58}},"19":{"start":{"line":41,"column":16},"end":{"line":54,"column":19}},"20":{"start":{"line":42,"column":36},"end":{"line":42,"column":72}},"21":{"start":{"line":43,"column":20},"end":{"line":53,"column":21}},"22":{"start":{"line":44,"column":41},"end":{"line":44,"column":72}},"23":{"start":{"line":45,"column":24},"end":{"line":47,"column":25}},"24":{"start":{"line":46,"column":28},"end":{"line":46,"column":78}},"25":{"start":{"line":48,"column":27},"end":{"line":53,"column":21}},"26":{"start":{"line":49,"column":40},"end":{"line":49,"column":70}},"27":{"start":{"line":50,"column":24},"end":{"line":52,"column":25}},"28":{"start":{"line":51,"column":28},"end":{"line":51,"column":85}},"29":{"start":{"line":59,"column":8},"end":{"line":85,"column":22}},"30":{"start":{"line":60,"column":32},"end":{"line":60,"column":107}},"31":{"start":{"line":61,"column":12},"end":{"line":84,"column":13}},"32":{"start":{"line":62,"column":29},"end":{"line":62,"column":56}},"33":{"start":{"line":63,"column":16},"end":{"line":83,"column":19}},"34":{"start":{"line":64,"column":36},"end":{"line":64,"column":67}},"35":{"start":{"line":65,"column":35},"end":{"line":65,"column":58}},"36":{"start":{"line":66,"column":20},"end":{"line":82,"column":23}},"37":{"start":{"line":67,"column":44},"end":{"line":67,"column":82}},"38":{"start":{"line":68,"column":24},"end":{"line":81,"column":27}},"39":{"start":{"line":69,"column":44},"end":{"line":69,"column":82}},"40":{"start":{"line":70,"column":28},"end":{"line":80,"column":29}},"41":{"start":{"line":71,"column":49},"end":{"line":71,"column":80}},"42":{"start":{"line":72,"column":32},"end":{"line":74,"column":33}},"43":{"start":{"line":73,"column":36},"end":{"line":73,"column":105}},"44":{"start":{"line":75,"column":35},"end":{"line":80,"column":29}},"45":{"start":{"line":76,"column":48},"end":{"line":76,"column":78}},"46":{"start":{"line":77,"column":32},"end":{"line":79,"column":33}},"47":{"start":{"line":78,"column":36},"end":{"line":78,"column":112}},"48":{"start":{"line":86,"column":11},"end":{"line":131,"column":5}},"49":{"start":{"line":88,"column":23},"end":{"line":88,"column":38}},"50":{"start":{"line":89,"column":8},"end":{"line":103,"column":22}},"51":{"start":{"line":90,"column":25},"end":{"line":90,"column":47}},"52":{"start":{"line":91,"column":12},"end":{"line":102,"column":15}},"53":{"start":{"line":92,"column":16},"end":{"line":101,"column":17}},"54":{"start":{"line":93,"column":36},"end":{"line":93,"column":79}},"55":{"start":{"line":94,"column":20},"end":{"line":94,"column":77}},"56":{"start":{"line":95,"column":23},"end":{"line":101,"column":17}},"57":{"start":{"line":96,"column":36},"end":{"line":96,"column":79}},"58":{"start":{"line":97,"column":20},"end":{"line":97,"column":70}},"59":{"start":{"line":98,"column":23},"end":{"line":101,"column":17}},"60":{"start":{"line":99,"column":36},"end":{"line":99,"column":79}},"61":{"start":{"line":100,"column":20},"end":{"line":100,"column":77}},"62":{"start":{"line":106,"column":28},"end":{"line":110,"column":9}},"63":{"start":{"line":111,"column":8},"end":{"line":130,"column":11}},"64":{"start":{"line":112,"column":12},"end":{"line":129,"column":26}},"65":{"start":{"line":113,"column":16},"end":{"line":128,"column":17}},"66":{"start":{"line":114,"column":33},"end":{"line":114,"column":57}},"67":{"start":{"line":115,"column":20},"end":{"line":127,"column":23}},"68":{"start":{"line":116,"column":24},"end":{"line":126,"column":25}},"69":{"start":{"line":117,"column":45},"end":{"line":117,"column":85}},"70":{"start":{"line":118,"column":28},"end":{"line":120,"column":29}},"71":{"start":{"line":119,"column":32},"end":{"line":119,"column":106}},"72":{"start":{"line":121,"column":31},"end":{"line":126,"column":25}},"73":{"start":{"line":122,"column":44},"end":{"line":122,"column":83}},"74":{"start":{"line":123,"column":28},"end":{"line":125,"column":29}},"75":{"start":{"line":124,"column":32},"end":{"line":124,"column":113}},"76":{"start":{"line":133,"column":4},"end":{"line":133,"column":17}},"77":{"start":{"line":142,"column":0},"end":{"line":335,"column":2}},"78":{"start":{"line":143,"column":17},"end":{"line":143,"column":32}},"79":{"start":{"line":144,"column":19},"end":{"line":144,"column":36}},"80":{"start":{"line":145,"column":15},"end":{"line":145,"column":28}},"81":{"start":{"line":146,"column":21},"end":{"line":146,"column":40}},"82":{"start":{"line":147,"column":18},"end":{"line":147,"column":34}},"83":{"start":{"line":148,"column":15},"end":{"line":148,"column":28}},"84":{"start":{"line":151,"column":22},"end":{"line":151,"column":60}},"85":{"start":{"line":152,"column":4},"end":{"line":154,"column":5}},"86":{"start":{"line":153,"column":8},"end":{"line":153,"column":53}},"87":{"start":{"line":155,"column":23},"end":{"line":155,"column":58}},"88":{"start":{"line":157,"column":4},"end":{"line":157,"column":44}},"89":{"start":{"line":159,"column":21},"end":{"line":163,"column":5}},"90":{"start":{"line":166,"column":4},"end":{"line":168,"column":5}},"91":{"start":{"line":167,"column":8},"end":{"line":167,"column":24}},"92":{"start":{"line":171,"column":4},"end":{"line":171,"column":54}},"93":{"start":{"line":174,"column":19},"end":{"line":177,"column":10}},"94":{"start":{"line":179,"column":8},"end":{"line":333,"column":11}},"95":{"start":{"line":180,"column":12},"end":{"line":180,"column":47}},"96":{"start":{"line":181,"column":12},"end":{"line":181,"column":57}},"97":{"start":{"line":182,"column":12},"end":{"line":182,"column":40}},"98":{"start":{"line":184,"column":29},"end":{"line":184,"column":50}},"99":{"start":{"line":187,"column":31},"end":{"line":187,"column":114}},"100":{"start":{"line":188,"column":12},"end":{"line":195,"column":13}},"101":{"start":{"line":189,"column":16},"end":{"line":189,"column":80}},"102":{"start":{"line":190,"column":16},"end":{"line":190,"column":105}},"103":{"start":{"line":191,"column":16},"end":{"line":191,"column":40}},"104":{"start":{"line":192,"column":16},"end":{"line":192,"column":70}},"105":{"start":{"line":193,"column":16},"end":{"line":193,"column":68}},"106":{"start":{"line":194,"column":16},"end":{"line":194,"column":74}},"107":{"start":{"line":197,"column":12},"end":{"line":197,"column":30}},"108":{"start":{"line":200,"column":16},"end":{"line":221,"column":17}},"109":{"start":{"line":201,"column":20},"end":{"line":201,"column":72}},"110":{"start":{"line":202,"column":20},"end":{"line":204,"column":23}},"111":{"start":{"line":203,"column":24},"end":{"line":203,"column":67}},"112":{"start":{"line":205,"column":20},"end":{"line":205,"column":65}},"113":{"start":{"line":206,"column":20},"end":{"line":218,"column":23}},"114":{"start":{"line":207,"column":36},"end":{"line":207,"column":56}},"115":{"start":{"line":208,"column":24},"end":{"line":217,"column":25}},"116":{"start":{"line":209,"column":28},"end":{"line":209,"column":78}},"117":{"start":{"line":210,"column":28},"end":{"line":210,"column":88}},"118":{"start":{"line":211,"column":28},"end":{"line":211,"column":49}},"119":{"start":{"line":212,"column":31},"end":{"line":217,"column":25}},"120":{"start":{"line":213,"column":28},"end":{"line":213,"column":52}},"121":{"start":{"line":215,"column":28},"end":{"line":215,"column":68}},"122":{"start":{"line":216,"column":28},"end":{"line":216,"column":46}},"123":{"start":{"line":220,"column":20},"end":{"line":220,"column":44}},"124":{"start":{"line":225,"column":16},"end":{"line":237,"column":19}},"125":{"start":{"line":226,"column":20},"end":{"line":226,"column":43}},"126":{"start":{"line":227,"column":20},"end":{"line":235,"column":21}},"127":{"start":{"line":228,"column":43},"end":{"line":228,"column":74}},"128":{"start":{"line":229,"column":24},"end":{"line":232,"column":25}},"129":{"start":{"line":230,"column":28},"end":{"line":230,"column":94}},"130":{"start":{"line":231,"column":28},"end":{"line":231,"column":59}},"131":{"start":{"line":233,"column":24},"end":{"line":233,"column":49}},"132":{"start":{"line":234,"column":24},"end":{"line":234,"column":59}},"133":{"start":{"line":236,"column":20},"end":{"line":236,"column":41}},"134":{"start":{"line":241,"column":16},"end":{"line":262,"column":17}},"135":{"start":{"line":242,"column":20},"end":{"line":242,"column":74}},"136":{"start":{"line":243,"column":20},"end":{"line":245,"column":23}},"137":{"start":{"line":244,"column":24},"end":{"line":244,"column":66}},"138":{"start":{"line":246,"column":20},"end":{"line":246,"column":65}},"139":{"start":{"line":247,"column":20},"end":{"line":259,"column":23}},"140":{"start":{"line":248,"column":36},"end":{"line":248,"column":56}},"141":{"start":{"line":249,"column":24},"end":{"line":258,"column":25}},"142":{"start":{"line":250,"column":28},"end":{"line":250,"column":74}},"143":{"start":{"line":251,"column":28},"end":{"line":251,"column":84}},"144":{"start":{"line":252,"column":28},"end":{"line":252,"column":48}},"145":{"start":{"line":253,"column":31},"end":{"line":258,"column":25}},"146":{"start":{"line":254,"column":28},"end":{"line":254,"column":55}},"147":{"start":{"line":256,"column":28},"end":{"line":256,"column":68}},"148":{"start":{"line":257,"column":28},"end":{"line":257,"column":49}},"149":{"start":{"line":261,"column":20},"end":{"line":261,"column":47}},"150":{"start":{"line":266,"column":16},"end":{"line":278,"column":19}},"151":{"start":{"line":267,"column":20},"end":{"line":267,"column":49}},"152":{"start":{"line":268,"column":20},"end":{"line":276,"column":21}},"153":{"start":{"line":269,"column":45},"end":{"line":269,"column":119}},"154":{"start":{"line":270,"column":24},"end":{"line":273,"column":25}},"155":{"start":{"line":271,"column":28},"end":{"line":271,"column":88}},"156":{"start":{"line":272,"column":28},"end":{"line":272,"column":62}},"157":{"start":{"line":274,"column":24},"end":{"line":274,"column":55}},"158":{"start":{"line":275,"column":24},"end":{"line":275,"column":65}},"159":{"start":{"line":277,"column":20},"end":{"line":277,"column":40}},"160":{"start":{"line":282,"column":16},"end":{"line":303,"column":17}},"161":{"start":{"line":283,"column":20},"end":{"line":283,"column":82}},"162":{"start":{"line":284,"column":20},"end":{"line":286,"column":23}},"163":{"start":{"line":285,"column":24},"end":{"line":285,"column":69}},"164":{"start":{"line":287,"column":20},"end":{"line":287,"column":65}},"165":{"start":{"line":288,"column":20},"end":{"line":300,"column":23}},"166":{"start":{"line":289,"column":36},"end":{"line":289,"column":56}},"167":{"start":{"line":290,"column":24},"end":{"line":299,"column":25}},"168":{"start":{"line":291,"column":28},"end":{"line":291,"column":80}},"169":{"start":{"line":292,"column":28},"end":{"line":292,"column":90}},"170":{"start":{"line":293,"column":28},"end":{"line":293,"column":50}},"171":{"start":{"line":294,"column":31},"end":{"line":299,"column":25}},"172":{"start":{"line":295,"column":28},"end":{"line":295,"column":54}},"173":{"start":{"line":297,"column":28},"end":{"line":297,"column":68}},"174":{"start":{"line":298,"column":28},"end":{"line":298,"column":48}},"175":{"start":{"line":302,"column":20},"end":{"line":302,"column":46}},"176":{"start":{"line":307,"column":16},"end":{"line":319,"column":19}},"177":{"start":{"line":308,"column":20},"end":{"line":308,"column":47}},"178":{"start":{"line":309,"column":20},"end":{"line":317,"column":21}},"179":{"start":{"line":310,"column":44},"end":{"line":310,"column":115}},"180":{"start":{"line":311,"column":24},"end":{"line":314,"column":25}},"181":{"start":{"line":312,"column":28},"end":{"line":312,"column":95}},"182":{"start":{"line":313,"column":28},"end":{"line":313,"column":61}},"183":{"start":{"line":315,"column":24},"end":{"line":315,"column":53}},"184":{"start":{"line":316,"column":24},"end":{"line":316,"column":63}},"185":{"start":{"line":318,"column":20},"end":{"line":318,"column":42}},"186":{"start":{"line":323,"column":16},"end":{"line":323,"column":29}},"187":{"start":{"line":324,"column":16},"end":{"line":328,"column":17}},"188":{"start":{"line":325,"column":20},"end":{"line":325,"column":72}},"189":{"start":{"line":327,"column":20},"end":{"line":327,"column":137}},"190":{"start":{"line":329,"column":16},"end":{"line":329,"column":74}},"191":{"start":{"line":330,"column":16},"end":{"line":330,"column":27}},"192":{"start":{"line":331,"column":16},"end":{"line":331,"column":34}},"193":{"start":{"line":342,"column":0},"end":{"line":355,"column":2}},"194":{"start":{"line":343,"column":17},"end":{"line":343,"column":32}},"195":{"start":{"line":344,"column":16},"end":{"line":344,"column":52}},"196":{"start":{"line":346,"column":19},"end":{"line":351,"column":5}},"197":{"start":{"line":354,"column":5},"end":{"line":354,"column":82}},"198":{"start":{"line":371,"column":16},"end":{"line":371,"column":29}},"199":{"start":{"line":372,"column":18},"end":{"line":372,"column":33}},"200":{"start":{"line":374,"column":28},"end":{"line":374,"column":73}},"201":{"start":{"line":375,"column":22},"end":{"line":375,"column":24}},"202":{"start":{"line":378,"column":5},"end":{"line":392,"column":6}},"203":{"start":{"line":379,"column":9},"end":{"line":391,"column":10}},"204":{"start":{"line":380,"column":29},"end":{"line":380,"column":68}},"205":{"start":{"line":382,"column":13},"end":{"line":388,"column":16}},"206":{"start":{"line":383,"column":33},"end":{"line":383,"column":44}},"207":{"start":{"line":385,"column":17},"end":{"line":387,"column":18}},"208":{"start":{"line":386,"column":21},"end":{"line":386,"column":44}},"209":{"start":{"line":394,"column":5},"end":{"line":394,"column":21}},"210":{"start":{"line":397,"column":0},"end":{"line":450,"column":2}},"211":{"start":{"line":398,"column":18},"end":{"line":398,"column":33}},"212":{"start":{"line":399,"column":16},"end":{"line":399,"column":29}},"213":{"start":{"line":400,"column":23},"end":{"line":400,"column":25}},"214":{"start":{"line":401,"column":27},"end":{"line":401,"column":55}},"215":{"start":{"line":403,"column":28},"end":{"line":403,"column":44}},"216":{"start":{"line":405,"column":33},"end":{"line":405,"column":67}},"217":{"start":{"line":408,"column":29},"end":{"line":411,"column":6}},"218":{"start":{"line":409,"column":25},"end":{"line":409,"column":60}},"219":{"start":{"line":410,"column":9},"end":{"line":410,"column":54}},"220":{"start":{"line":413,"column":24},"end":{"line":413,"column":37}},"221":{"start":{"line":417,"column":9},"end":{"line":445,"column":23}},"222":{"start":{"line":418,"column":29},"end":{"line":418,"column":48}},"223":{"start":{"line":419,"column":13},"end":{"line":444,"column":14}},"224":{"start":{"line":420,"column":34},"end":{"line":420,"column":55}},"225":{"start":{"line":421,"column":17},"end":{"line":443,"column":31}},"226":{"start":{"line":422,"column":35},"end":{"line":422,"column":56}},"227":{"start":{"line":423,"column":21},"end":{"line":442,"column":22}},"228":{"start":{"line":425,"column":44},"end":{"line":425,"column":82}},"229":{"start":{"line":426,"column":44},"end":{"line":430,"column":27}},"230":{"start":{"line":427,"column":40},"end":{"line":427,"column":71}},"231":{"start":{"line":429,"column":29},"end":{"line":429,"column":147}},"232":{"start":{"line":432,"column":25},"end":{"line":432,"column":66}},"233":{"start":{"line":432,"column":42},"end":{"line":432,"column":66}},"234":{"start":{"line":433,"column":28},"end":{"line":442,"column":22}},"235":{"start":{"line":434,"column":41},"end":{"line":434,"column":64}},"236":{"start":{"line":435,"column":25},"end":{"line":441,"column":28}},"237":{"start":{"line":448,"column":5},"end":{"line":448,"column":31}},"238":{"start":{"line":449,"column":5},"end":{"line":449,"column":22}},"239":{"start":{"line":457,"column":0},"end":{"line":472,"column":2}},"240":{"start":{"line":458,"column":17},"end":{"line":458,"column":32}},"241":{"start":{"line":459,"column":15},"end":{"line":459,"column":28}},"242":{"start":{"line":460,"column":15},"end":{"line":460,"column":28}},"243":{"start":{"line":461,"column":18},"end":{"line":461,"column":34}},"244":{"start":{"line":463,"column":22},"end":{"line":463,"column":60}},"245":{"start":{"line":464,"column":23},"end":{"line":464,"column":58}},"246":{"start":{"line":466,"column":4},"end":{"line":466,"column":44}},"247":{"start":{"line":469,"column":20},"end":{"line":469,"column":61}},"248":{"start":{"line":471,"column":5},"end":{"line":471,"column":38}},"249":{"start":{"line":478,"column":0},"end":{"line":508,"column":2}},"250":{"start":{"line":479,"column":17},"end":{"line":479,"column":32}},"251":{"start":{"line":480,"column":15},"end":{"line":480,"column":28}},"252":{"start":{"line":481,"column":15},"end":{"line":481,"column":28}},"253":{"start":{"line":482,"column":18},"end":{"line":482,"column":34}},"254":{"start":{"line":484,"column":22},"end":{"line":484,"column":60}},"255":{"start":{"line":485,"column":23},"end":{"line":485,"column":58}},"256":{"start":{"line":487,"column":4},"end":{"line":487,"column":44}},"257":{"start":{"line":489,"column":19},"end":{"line":489,"column":60}},"258":{"start":{"line":492,"column":21},"end":{"line":492,"column":75}},"259":{"start":{"line":492,"column":43},"end":{"line":492,"column":74}},"260":{"start":{"line":495,"column":20},"end":{"line":499,"column":5}},"261":{"start":{"line":501,"column":4},"end":{"line":501,"column":30}},"262":{"start":{"line":504,"column":20},"end":{"line":504,"column":41}},"263":{"start":{"line":506,"column":4},"end":{"line":506,"column":49}},"264":{"start":{"line":507,"column":4},"end":{"line":507,"column":17}},"265":{"start":{"line":517,"column":16},"end":{"line":517,"column":26}},"266":{"start":{"line":518,"column":19},"end":{"line":518,"column":34}},"267":{"start":{"line":519,"column":21},"end":{"line":519,"column":46}},"268":{"start":{"line":520,"column":21},"end":{"line":520,"column":46}},"269":{"start":{"line":521,"column":22},"end":{"line":521,"column":47}},"270":{"start":{"line":522,"column":21},"end":{"line":522,"column":47}},"271":{"start":{"line":525,"column":5},"end":{"line":525,"column":42}},"272":{"start":{"line":525,"column":24},"end":{"line":525,"column":42}},"273":{"start":{"line":526,"column":4},"end":{"line":526,"column":49}},"274":{"start":{"line":526,"column":23},"end":{"line":526,"column":49}},"275":{"start":{"line":527,"column":4},"end":{"line":527,"column":51}},"276":{"start":{"line":527,"column":24},"end":{"line":527,"column":51}},"277":{"start":{"line":529,"column":5},"end":{"line":529,"column":31}},"278":{"start":{"line":532,"column":0},"end":{"line":532,"column":45}}},"fnMap":{"0":{"name":"detectInstalledIDEs","decl":{"start":{"line":7,"column":9},"end":{"line":7,"column":28}},"loc":{"start":{"line":7,"column":31},"end":{"line":134,"column":1}},"line":7},"1":{"name":"(anonymous_1)","decl":{"start":{"line":26,"column":33},"end":{"line":26,"column":34}},"loc":{"start":{"line":26,"column":44},"end":{"line":32,"column":17}},"line":26},"2":{"name":"(anonymous_2)","decl":{"start":{"line":41,"column":29},"end":{"line":41,"column":30}},"loc":{"start":{"line":41,"column":36},"end":{"line":54,"column":17}},"line":41},"3":{"name":"(anonymous_3)","decl":{"start":{"line":63,"column":29},"end":{"line":63,"column":30}},"loc":{"start":{"line":63,"column":40},"end":{"line":83,"column":17}},"line":63},"4":{"name":"(anonymous_4)","decl":{"start":{"line":66,"column":35},"end":{"line":66,"column":36}},"loc":{"start":{"line":66,"column":41},"end":{"line":82,"column":21}},"line":66},"5":{"name":"(anonymous_5)","decl":{"start":{"line":68,"column":44},"end":{"line":68,"column":45}},"loc":{"start":{"line":68,"column":55},"end":{"line":81,"column":25}},"line":68},"6":{"name":"(anonymous_6)","decl":{"start":{"line":91,"column":25},"end":{"line":91,"column":26}},"loc":{"start":{"line":91,"column":32},"end":{"line":102,"column":13}},"line":91},"7":{"name":"(anonymous_7)","decl":{"start":{"line":111,"column":28},"end":{"line":111,"column":29}},"loc":{"start":{"line":111,"column":40},"end":{"line":130,"column":9}},"line":111},"8":{"name":"(anonymous_8)","decl":{"start":{"line":115,"column":33},"end":{"line":115,"column":34}},"loc":{"start":{"line":115,"column":40},"end":{"line":127,"column":21}},"line":115},"9":{"name":"(anonymous_9)","decl":{"start":{"line":142,"column":29},"end":{"line":142,"column":30}},"loc":{"start":{"line":142,"column":46},"end":{"line":335,"column":1}},"line":142},"10":{"name":"promptForIDEPaths","decl":{"start":{"line":173,"column":19},"end":{"line":173,"column":36}},"loc":{"start":{"line":173,"column":56},"end":{"line":334,"column":5}},"line":173},"11":{"name":"(anonymous_11)","decl":{"start":{"line":179,"column":27},"end":{"line":179,"column":28}},"loc":{"start":{"line":179,"column":40},"end":{"line":333,"column":9}},"line":179},"12":{"name":"promptForVSPath","decl":{"start":{"line":199,"column":21},"end":{"line":199,"column":36}},"loc":{"start":{"line":199,"column":39},"end":{"line":222,"column":13}},"line":199},"13":{"name":"(anonymous_13)","decl":{"start":{"line":202,"column":50},"end":{"line":202,"column":51}},"loc":{"start":{"line":202,"column":63},"end":{"line":204,"column":21}},"line":202},"14":{"name":"(anonymous_14)","decl":{"start":{"line":206,"column":101},"end":{"line":206,"column":102}},"loc":{"start":{"line":206,"column":113},"end":{"line":218,"column":21}},"line":206},"15":{"name":"promptForVSPathManual","decl":{"start":{"line":224,"column":21},"end":{"line":224,"column":42}},"loc":{"start":{"line":224,"column":45},"end":{"line":238,"column":13}},"line":224},"16":{"name":"(anonymous_16)","decl":{"start":{"line":225,"column":76},"end":{"line":225,"column":77}},"loc":{"start":{"line":225,"column":88},"end":{"line":237,"column":17}},"line":225},"17":{"name":"promptForRiderPath","decl":{"start":{"line":240,"column":21},"end":{"line":240,"column":39}},"loc":{"start":{"line":240,"column":42},"end":{"line":263,"column":13}},"line":240},"18":{"name":"(anonymous_18)","decl":{"start":{"line":243,"column":43},"end":{"line":243,"column":44}},"loc":{"start":{"line":243,"column":55},"end":{"line":245,"column":21}},"line":243},"19":{"name":"(anonymous_19)","decl":{"start":{"line":247,"column":86},"end":{"line":247,"column":87}},"loc":{"start":{"line":247,"column":98},"end":{"line":259,"column":21}},"line":247},"20":{"name":"promptForRiderPathManual","decl":{"start":{"line":265,"column":21},"end":{"line":265,"column":45}},"loc":{"start":{"line":265,"column":48},"end":{"line":279,"column":13}},"line":265},"21":{"name":"(anonymous_21)","decl":{"start":{"line":266,"column":78},"end":{"line":266,"column":79}},"loc":{"start":{"line":266,"column":93},"end":{"line":278,"column":17}},"line":266},"22":{"name":"promptForIDEAPath","decl":{"start":{"line":281,"column":21},"end":{"line":281,"column":38}},"loc":{"start":{"line":281,"column":41},"end":{"line":304,"column":13}},"line":281},"23":{"name":"(anonymous_23)","decl":{"start":{"line":284,"column":50},"end":{"line":284,"column":51}},"loc":{"start":{"line":284,"column":65},"end":{"line":286,"column":21}},"line":284},"24":{"name":"(anonymous_24)","decl":{"start":{"line":288,"column":101},"end":{"line":288,"column":102}},"loc":{"start":{"line":288,"column":113},"end":{"line":300,"column":21}},"line":288},"25":{"name":"promptForIDEAPathManual","decl":{"start":{"line":306,"column":21},"end":{"line":306,"column":44}},"loc":{"start":{"line":306,"column":47},"end":{"line":320,"column":13}},"line":306},"26":{"name":"(anonymous_26)","decl":{"start":{"line":307,"column":86},"end":{"line":307,"column":87}},"loc":{"start":{"line":307,"column":100},"end":{"line":319,"column":17}},"line":307},"27":{"name":"finishConfiguration","decl":{"start":{"line":322,"column":21},"end":{"line":322,"column":40}},"loc":{"start":{"line":322,"column":43},"end":{"line":332,"column":13}},"line":322},"28":{"name":"(anonymous_28)","decl":{"start":{"line":342,"column":31},"end":{"line":342,"column":32}},"loc":{"start":{"line":342,"column":50},"end":{"line":355,"column":1}},"line":342},"29":{"name":"readIgnoreFile","decl":{"start":{"line":370,"column":9},"end":{"line":370,"column":23}},"loc":{"start":{"line":370,"column":26},"end":{"line":395,"column":1}},"line":370},"30":{"name":"(anonymous_30)","decl":{"start":{"line":382,"column":41},"end":{"line":382,"column":42}},"loc":{"start":{"line":382,"column":49},"end":{"line":388,"column":14}},"line":382},"31":{"name":"(anonymous_31)","decl":{"start":{"line":397,"column":30},"end":{"line":397,"column":31}},"loc":{"start":{"line":397,"column":41},"end":{"line":450,"column":1}},"line":397},"32":{"name":"(anonymous_32)","decl":{"start":{"line":408,"column":29},"end":{"line":408,"column":30}},"loc":{"start":{"line":408,"column":48},"end":{"line":411,"column":6}},"line":408},"33":{"name":"walkDirectory","decl":{"start":{"line":416,"column":14},"end":{"line":416,"column":27}},"loc":{"start":{"line":416,"column":33},"end":{"line":446,"column":6}},"line":416},"34":{"name":"(anonymous_34)","decl":{"start":{"line":426,"column":64},"end":{"line":426,"column":65}},"loc":{"start":{"line":426,"column":69},"end":{"line":430,"column":26}},"line":426},"35":{"name":"(anonymous_35)","decl":{"start":{"line":457,"column":36},"end":{"line":457,"column":37}},"loc":{"start":{"line":457,"column":59},"end":{"line":472,"column":1}},"line":457},"36":{"name":"(anonymous_36)","decl":{"start":{"line":478,"column":38},"end":{"line":478,"column":39}},"loc":{"start":{"line":478,"column":61},"end":{"line":508,"column":1}},"line":478},"37":{"name":"(anonymous_37)","decl":{"start":{"line":492,"column":35},"end":{"line":492,"column":36}},"loc":{"start":{"line":492,"column":43},"end":{"line":492,"column":74}},"line":492},"38":{"name":"formatTimeAgo","decl":{"start":{"line":516,"column":9},"end":{"line":516,"column":22}},"loc":{"start":{"line":516,"column":34},"end":{"line":530,"column":1}},"line":516}},"branchMap":{"0":{"loc":{"start":{"line":17,"column":4},"end":{"line":131,"column":5}},"type":"if","locations":[{"start":{"line":17,"column":4},"end":{"line":131,"column":5}},{"start":{"line":86,"column":11},"end":{"line":131,"column":5}}],"line":17},"1":{"loc":{"start":{"line":19,"column":29},"end":{"line":19,"column":76}},"type":"binary-expr","locations":[{"start":{"line":19,"column":29},"end":{"line":19,"column":53}},{"start":{"line":19,"column":57},"end":{"line":19,"column":76}}],"line":19},"2":{"loc":{"start":{"line":24,"column":12},"end":{"line":33,"column":13}},"type":"if","locations":[{"start":{"line":24,"column":12},"end":{"line":33,"column":13}},{"start":{},"end":{}}],"line":24},"3":{"loc":{"start":{"line":29,"column":20},"end":{"line":31,"column":21}},"type":"if","locations":[{"start":{"line":29,"column":20},"end":{"line":31,"column":21}},{"start":{},"end":{}}],"line":29},"4":{"loc":{"start":{"line":39,"column":12},"end":{"line":55,"column":13}},"type":"if","locations":[{"start":{"line":39,"column":12},"end":{"line":55,"column":13}},{"start":{},"end":{}}],"line":39},"5":{"loc":{"start":{"line":43,"column":20},"end":{"line":53,"column":21}},"type":"if","locations":[{"start":{"line":43,"column":20},"end":{"line":53,"column":21}},{"start":{"line":48,"column":27},"end":{"line":53,"column":21}}],"line":43},"6":{"loc":{"start":{"line":45,"column":24},"end":{"line":47,"column":25}},"type":"if","locations":[{"start":{"line":45,"column":24},"end":{"line":47,"column":25}},{"start":{},"end":{}}],"line":45},"7":{"loc":{"start":{"line":48,"column":27},"end":{"line":53,"column":21}},"type":"if","locations":[{"start":{"line":48,"column":27},"end":{"line":53,"column":21}},{"start":{},"end":{}}],"line":48},"8":{"loc":{"start":{"line":50,"column":24},"end":{"line":52,"column":25}},"type":"if","locations":[{"start":{"line":50,"column":24},"end":{"line":52,"column":25}},{"start":{},"end":{}}],"line":50},"9":{"loc":{"start":{"line":61,"column":12},"end":{"line":84,"column":13}},"type":"if","locations":[{"start":{"line":61,"column":12},"end":{"line":84,"column":13}},{"start":{},"end":{}}],"line":61},"10":{"loc":{"start":{"line":70,"column":28},"end":{"line":80,"column":29}},"type":"if","locations":[{"start":{"line":70,"column":28},"end":{"line":80,"column":29}},{"start":{"line":75,"column":35},"end":{"line":80,"column":29}}],"line":70},"11":{"loc":{"start":{"line":72,"column":32},"end":{"line":74,"column":33}},"type":"if","locations":[{"start":{"line":72,"column":32},"end":{"line":74,"column":33}},{"start":{},"end":{}}],"line":72},"12":{"loc":{"start":{"line":75,"column":35},"end":{"line":80,"column":29}},"type":"if","locations":[{"start":{"line":75,"column":35},"end":{"line":80,"column":29}},{"start":{},"end":{}}],"line":75},"13":{"loc":{"start":{"line":77,"column":32},"end":{"line":79,"column":33}},"type":"if","locations":[{"start":{"line":77,"column":32},"end":{"line":79,"column":33}},{"start":{},"end":{}}],"line":77},"14":{"loc":{"start":{"line":86,"column":11},"end":{"line":131,"column":5}},"type":"if","locations":[{"start":{"line":86,"column":11},"end":{"line":131,"column":5}},{"start":{"line":104,"column":11},"end":{"line":131,"column":5}}],"line":86},"15":{"loc":{"start":{"line":92,"column":16},"end":{"line":101,"column":17}},"type":"if","locations":[{"start":{"line":92,"column":16},"end":{"line":101,"column":17}},{"start":{"line":95,"column":23},"end":{"line":101,"column":17}}],"line":92},"16":{"loc":{"start":{"line":95,"column":23},"end":{"line":101,"column":17}},"type":"if","locations":[{"start":{"line":95,"column":23},"end":{"line":101,"column":17}},{"start":{"line":98,"column":23},"end":{"line":101,"column":17}}],"line":95},"17":{"loc":{"start":{"line":98,"column":23},"end":{"line":101,"column":17}},"type":"if","locations":[{"start":{"line":98,"column":23},"end":{"line":101,"column":17}},{"start":{},"end":{}}],"line":98},"18":{"loc":{"start":{"line":113,"column":16},"end":{"line":128,"column":17}},"type":"if","locations":[{"start":{"line":113,"column":16},"end":{"line":128,"column":17}},{"start":{},"end":{}}],"line":113},"19":{"loc":{"start":{"line":116,"column":24},"end":{"line":126,"column":25}},"type":"if","locations":[{"start":{"line":116,"column":24},"end":{"line":126,"column":25}},{"start":{"line":121,"column":31},"end":{"line":126,"column":25}}],"line":116},"20":{"loc":{"start":{"line":118,"column":28},"end":{"line":120,"column":29}},"type":"if","locations":[{"start":{"line":118,"column":28},"end":{"line":120,"column":29}},{"start":{},"end":{}}],"line":118},"21":{"loc":{"start":{"line":121,"column":31},"end":{"line":126,"column":25}},"type":"if","locations":[{"start":{"line":121,"column":31},"end":{"line":126,"column":25}},{"start":{},"end":{}}],"line":121},"22":{"loc":{"start":{"line":123,"column":28},"end":{"line":125,"column":29}},"type":"if","locations":[{"start":{"line":123,"column":28},"end":{"line":125,"column":29}},{"start":{},"end":{}}],"line":123},"23":{"loc":{"start":{"line":152,"column":4},"end":{"line":154,"column":5}},"type":"if","locations":[{"start":{"line":152,"column":4},"end":{"line":154,"column":5}},{"start":{},"end":{}}],"line":152},"24":{"loc":{"start":{"line":160,"column":16},"end":{"line":160,"column":48}},"type":"binary-expr","locations":[{"start":{"line":160,"column":16},"end":{"line":160,"column":42}},{"start":{"line":160,"column":46},"end":{"line":160,"column":48}}],"line":160},"25":{"loc":{"start":{"line":161,"column":19},"end":{"line":161,"column":54}},"type":"binary-expr","locations":[{"start":{"line":161,"column":19},"end":{"line":161,"column":48}},{"start":{"line":161,"column":52},"end":{"line":161,"column":54}}],"line":161},"26":{"loc":{"start":{"line":162,"column":18},"end":{"line":162,"column":52}},"type":"binary-expr","locations":[{"start":{"line":162,"column":18},"end":{"line":162,"column":46}},{"start":{"line":162,"column":50},"end":{"line":162,"column":52}}],"line":162},"27":{"loc":{"start":{"line":166,"column":4},"end":{"line":168,"column":5}},"type":"if","locations":[{"start":{"line":166,"column":4},"end":{"line":168,"column":5}},{"start":{},"end":{}}],"line":166},"28":{"loc":{"start":{"line":188,"column":12},"end":{"line":195,"column":13}},"type":"if","locations":[{"start":{"line":188,"column":12},"end":{"line":195,"column":13}},{"start":{},"end":{}}],"line":188},"29":{"loc":{"start":{"line":200,"column":16},"end":{"line":221,"column":17}},"type":"if","locations":[{"start":{"line":200,"column":16},"end":{"line":221,"column":17}},{"start":{"line":219,"column":23},"end":{"line":221,"column":17}}],"line":200},"30":{"loc":{"start":{"line":208,"column":24},"end":{"line":217,"column":25}},"type":"if","locations":[{"start":{"line":208,"column":24},"end":{"line":217,"column":25}},{"start":{"line":212,"column":31},"end":{"line":217,"column":25}}],"line":208},"31":{"loc":{"start":{"line":208,"column":28},"end":{"line":208,"column":74}},"type":"binary-expr","locations":[{"start":{"line":208,"column":28},"end":{"line":208,"column":36}},{"start":{"line":208,"column":40},"end":{"line":208,"column":74}}],"line":208},"32":{"loc":{"start":{"line":212,"column":31},"end":{"line":217,"column":25}},"type":"if","locations":[{"start":{"line":212,"column":31},"end":{"line":217,"column":25}},{"start":{"line":214,"column":31},"end":{"line":217,"column":25}}],"line":212},"33":{"loc":{"start":{"line":227,"column":20},"end":{"line":235,"column":21}},"type":"if","locations":[{"start":{"line":227,"column":20},"end":{"line":235,"column":21}},{"start":{},"end":{}}],"line":227},"34":{"loc":{"start":{"line":229,"column":24},"end":{"line":232,"column":25}},"type":"if","locations":[{"start":{"line":229,"column":24},"end":{"line":232,"column":25}},{"start":{},"end":{}}],"line":229},"35":{"loc":{"start":{"line":241,"column":16},"end":{"line":262,"column":17}},"type":"if","locations":[{"start":{"line":241,"column":16},"end":{"line":262,"column":17}},{"start":{"line":260,"column":23},"end":{"line":262,"column":17}}],"line":241},"36":{"loc":{"start":{"line":249,"column":24},"end":{"line":258,"column":25}},"type":"if","locations":[{"start":{"line":249,"column":24},"end":{"line":258,"column":25}},{"start":{"line":253,"column":31},"end":{"line":258,"column":25}}],"line":249},"37":{"loc":{"start":{"line":249,"column":28},"end":{"line":249,"column":67}},"type":"binary-expr","locations":[{"start":{"line":249,"column":28},"end":{"line":249,"column":36}},{"start":{"line":249,"column":40},"end":{"line":249,"column":67}}],"line":249},"38":{"loc":{"start":{"line":253,"column":31},"end":{"line":258,"column":25}},"type":"if","locations":[{"start":{"line":253,"column":31},"end":{"line":258,"column":25}},{"start":{"line":255,"column":31},"end":{"line":258,"column":25}}],"line":253},"39":{"loc":{"start":{"line":268,"column":20},"end":{"line":276,"column":21}},"type":"if","locations":[{"start":{"line":268,"column":20},"end":{"line":276,"column":21}},{"start":{},"end":{}}],"line":268},"40":{"loc":{"start":{"line":269,"column":66},"end":{"line":269,"column":118}},"type":"cond-expr","locations":[{"start":{"line":269,"column":97},"end":{"line":269,"column":108}},{"start":{"line":269,"column":111},"end":{"line":269,"column":118}}],"line":269},"41":{"loc":{"start":{"line":270,"column":24},"end":{"line":273,"column":25}},"type":"if","locations":[{"start":{"line":270,"column":24},"end":{"line":273,"column":25}},{"start":{},"end":{}}],"line":270},"42":{"loc":{"start":{"line":270,"column":28},"end":{"line":270,"column":85}},"type":"binary-expr","locations":[{"start":{"line":270,"column":28},"end":{"line":270,"column":56}},{"start":{"line":270,"column":60},"end":{"line":270,"column":85}}],"line":270},"43":{"loc":{"start":{"line":282,"column":16},"end":{"line":303,"column":17}},"type":"if","locations":[{"start":{"line":282,"column":16},"end":{"line":303,"column":17}},{"start":{"line":301,"column":23},"end":{"line":303,"column":17}}],"line":282},"44":{"loc":{"start":{"line":290,"column":24},"end":{"line":299,"column":25}},"type":"if","locations":[{"start":{"line":290,"column":24},"end":{"line":299,"column":25}},{"start":{"line":294,"column":31},"end":{"line":299,"column":25}}],"line":290},"45":{"loc":{"start":{"line":290,"column":28},"end":{"line":290,"column":74}},"type":"binary-expr","locations":[{"start":{"line":290,"column":28},"end":{"line":290,"column":36}},{"start":{"line":290,"column":40},"end":{"line":290,"column":74}}],"line":290},"46":{"loc":{"start":{"line":294,"column":31},"end":{"line":299,"column":25}},"type":"if","locations":[{"start":{"line":294,"column":31},"end":{"line":299,"column":25}},{"start":{"line":296,"column":31},"end":{"line":299,"column":25}}],"line":294},"47":{"loc":{"start":{"line":309,"column":20},"end":{"line":317,"column":21}},"type":"if","locations":[{"start":{"line":309,"column":20},"end":{"line":317,"column":21}},{"start":{},"end":{}}],"line":309},"48":{"loc":{"start":{"line":310,"column":64},"end":{"line":310,"column":114}},"type":"cond-expr","locations":[{"start":{"line":310,"column":95},"end":{"line":310,"column":105}},{"start":{"line":310,"column":108},"end":{"line":310,"column":114}}],"line":310},"49":{"loc":{"start":{"line":311,"column":24},"end":{"line":314,"column":25}},"type":"if","locations":[{"start":{"line":311,"column":24},"end":{"line":314,"column":25}},{"start":{},"end":{}}],"line":311},"50":{"loc":{"start":{"line":311,"column":28},"end":{"line":311,"column":83}},"type":"binary-expr","locations":[{"start":{"line":311,"column":28},"end":{"line":311,"column":55}},{"start":{"line":311,"column":59},"end":{"line":311,"column":83}}],"line":311},"51":{"loc":{"start":{"line":324,"column":16},"end":{"line":328,"column":17}},"type":"if","locations":[{"start":{"line":324,"column":16},"end":{"line":328,"column":17}},{"start":{"line":326,"column":23},"end":{"line":328,"column":17}}],"line":324},"52":{"loc":{"start":{"line":324,"column":20},"end":{"line":324,"column":78}},"type":"binary-expr","locations":[{"start":{"line":324,"column":20},"end":{"line":324,"column":35}},{"start":{"line":324,"column":39},"end":{"line":324,"column":57}},{"start":{"line":324,"column":61},"end":{"line":324,"column":78}}],"line":324},"53":{"loc":{"start":{"line":354,"column":12},"end":{"line":354,"column":81}},"type":"binary-expr","locations":[{"start":{"line":354,"column":12},"end":{"line":354,"column":23}},{"start":{"line":354,"column":27},"end":{"line":354,"column":81}}],"line":354},"54":{"loc":{"start":{"line":378,"column":5},"end":{"line":392,"column":6}},"type":"if","locations":[{"start":{"line":378,"column":5},"end":{"line":392,"column":6}},{"start":{},"end":{}}],"line":378},"55":{"loc":{"start":{"line":385,"column":17},"end":{"line":387,"column":18}},"type":"if","locations":[{"start":{"line":385,"column":17},"end":{"line":387,"column":18}},{"start":{},"end":{}}],"line":385},"56":{"loc":{"start":{"line":385,"column":21},"end":{"line":385,"column":56}},"type":"binary-expr","locations":[{"start":{"line":385,"column":21},"end":{"line":385,"column":28}},{"start":{"line":385,"column":32},"end":{"line":385,"column":56}}],"line":385},"57":{"loc":{"start":{"line":423,"column":21},"end":{"line":442,"column":22}},"type":"if","locations":[{"start":{"line":423,"column":21},"end":{"line":442,"column":22}},{"start":{"line":433,"column":28},"end":{"line":442,"column":22}}],"line":423},"58":{"loc":{"start":{"line":429,"column":36},"end":{"line":429,"column":146}},"type":"binary-expr","locations":[{"start":{"line":429,"column":36},"end":{"line":429,"column":59}},{"start":{"line":429,"column":63},"end":{"line":429,"column":108}},{"start":{"line":429,"column":112},"end":{"line":429,"column":146}}],"line":429},"59":{"loc":{"start":{"line":432,"column":25},"end":{"line":432,"column":66}},"type":"if","locations":[{"start":{"line":432,"column":25},"end":{"line":432,"column":66}},{"start":{},"end":{}}],"line":432},"60":{"loc":{"start":{"line":433,"column":28},"end":{"line":442,"column":22}},"type":"if","locations":[{"start":{"line":433,"column":28},"end":{"line":442,"column":22}},{"start":{},"end":{}}],"line":433},"61":{"loc":{"start":{"line":433,"column":32},"end":{"line":433,"column":75}},"type":"binary-expr","locations":[{"start":{"line":433,"column":32},"end":{"line":433,"column":46}},{"start":{"line":433,"column":50},"end":{"line":433,"column":75}}],"line":433},"62":{"loc":{"start":{"line":457,"column":45},"end":{"line":457,"column":57}},"type":"default-arg","locations":[{"start":{"line":457,"column":56},"end":{"line":457,"column":57}}],"line":457},"63":{"loc":{"start":{"line":469,"column":20},"end":{"line":469,"column":61}},"type":"binary-expr","locations":[{"start":{"line":469,"column":20},"end":{"line":469,"column":55}},{"start":{"line":469,"column":59},"end":{"line":469,"column":61}}],"line":469},"64":{"loc":{"start":{"line":489,"column":19},"end":{"line":489,"column":60}},"type":"binary-expr","locations":[{"start":{"line":489,"column":19},"end":{"line":489,"column":54}},{"start":{"line":489,"column":58},"end":{"line":489,"column":60}}],"line":489},"65":{"loc":{"start":{"line":525,"column":5},"end":{"line":525,"column":42}},"type":"if","locations":[{"start":{"line":525,"column":5},"end":{"line":525,"column":42}},{"start":{},"end":{}}],"line":525},"66":{"loc":{"start":{"line":526,"column":4},"end":{"line":526,"column":49}},"type":"if","locations":[{"start":{"line":526,"column":4},"end":{"line":526,"column":49}},{"start":{},"end":{}}],"line":526},"67":{"loc":{"start":{"line":527,"column":4},"end":{"line":527,"column":51}},"type":"if","locations":[{"start":{"line":527,"column":4},"end":{"line":527,"column":51}},{"start":{},"end":{}}],"line":527}},"s":{"0":2,"1":2,"2":2,"3":2,"4":2,"5":2,"6":2,"7":2,"8":2,"9":0,"10":0,"11":0,"12":0,"13":0,"14":0,"15":2,"16":2,"17":2,"18":0,"19":0,"20":0,"21":0,"22":0,"23":0,"24":0,"25":0,"26":0,"27":0,"28":0,"29":2,"30":2,"31":2,"32":0,"33":0,"34":0,"35":0,"36":0,"37":0,"38":0,"39":0,"40":0,"41":0,"42":0,"43":0,"44":0,"45":0,"46":0,"47":0,"48":0,"49":0,"50":0,"51":0,"52":0,"53":0,"54":0,"55":0,"56":0,"57":0,"58":0,"59":0,"60":0,"61":0,"62":0,"63":0,"64":0,"65":0,"66":0,"67":0,"68":0,"69":0,"70":0,"71":0,"72":0,"73":0,"74":0,"75":0,"76":2,"77":30,"78":3,"79":3,"80":3,"81":3,"82":3,"83":3,"84":3,"85":3,"86":3,"87":3,"88":3,"89":3,"90":3,"91":1,"92":2,"93":2,"94":2,"95":2,"96":2,"97":2,"98":2,"99":2,"100":2,"101":2,"102":2,"103":2,"104":2,"105":2,"106":2,"107":2,"108":2,"109":0,"110":0,"111":0,"112":0,"113":0,"114":0,"115":0,"116":0,"117":0,"118":0,"119":0,"120":0,"121":0,"122":0,"123":2,"124":3,"125":1,"126":1,"127":1,"128":1,"129":1,"130":1,"131":0,"132":0,"133":0,"134":0,"135":0,"136":0,"137":0,"138":0,"139":0,"140":0,"141":0,"142":0,"143":0,"144":0,"145":0,"146":0,"147":0,"148":0,"149":0,"150":0,"151":0,"152":0,"153":0,"154":0,"155":0,"156":0,"157":0,"158":0,"159":0,"160":0,"161":0,"162":0,"163":0,"164":0,"165":0,"166":0,"167":0,"168":0,"169":0,"170":0,"171":0,"172":0,"173":0,"174":0,"175":0,"176":0,"177":0,"178":0,"179":0,"180":0,"181":0,"182":0,"183":0,"184":0,"185":0,"186":0,"187":0,"188":0,"189":0,"190":0,"191":0,"192":0,"193":30,"194":5,"195":5,"196":5,"197":5,"198":6,"199":6,"200":6,"201":6,"202":6,"203":1,"204":1,"205":1,"206":3,"207":3,"208":2,"209":6,"210":30,"211":6,"212":6,"213":6,"214":6,"215":6,"216":6,"217":6,"218":0,"219":0,"220":6,"221":8801,"222":8801,"223":8801,"224":26386,"225":26385,"226":26385,"227":26385,"228":26385,"229":26385,"230":43975,"231":43975,"232":26385,"233":8795,"234":0,"235":0,"236":0,"237":6,"238":6,"239":30,"240":0,"241":0,"242":0,"243":0,"244":0,"245":0,"246":0,"247":0,"248":0,"249":30,"250":0,"251":0,"252":0,"253":0,"254":0,"255":0,"256":0,"257":0,"258":0,"259":0,"260":0,"261":0,"262":0,"263":0,"264":0,"265":4,"266":4,"267":4,"268":4,"269":4,"270":4,"271":4,"272":1,"273":3,"274":1,"275":2,"276":1,"277":1,"278":30},"f":{"0":2,"1":0,"2":0,"3":0,"4":0,"5":0,"6":0,"7":0,"8":0,"9":3,"10":2,"11":2,"12":2,"13":0,"14":0,"15":3,"16":1,"17":0,"18":0,"19":0,"20":0,"21":0,"22":0,"23":0,"24":0,"25":0,"26":0,"27":0,"28":5,"29":6,"30":3,"31":6,"32":0,"33":8801,"34":43975,"35":0,"36":0,"37":0,"38":4},"b":{"0":[2,0],"1":[2,0],"2":[0,2],"3":[0,0],"4":[0,2],"5":[0,0],"6":[0,0],"7":[0,0],"8":[0,0],"9":[0,2],"10":[0,0],"11":[0,0],"12":[0,0],"13":[0,0],"14":[0,0],"15":[0,0],"16":[0,0],"17":[0,0],"18":[0,0],"19":[0,0],"20":[0,0],"21":[0,0],"22":[0,0],"23":[3,0],"24":[3,2],"25":[3,3],"26":[3,3],"27":[1,2],"28":[2,0],"29":[0,2],"30":[0,0],"31":[0,0],"32":[0,0],"33":[1,0],"34":[1,0],"35":[0,0],"36":[0,0],"37":[0,0],"38":[0,0],"39":[0,0],"40":[0,0],"41":[0,0],"42":[0,0],"43":[0,0],"44":[0,0],"45":[0,0],"46":[0,0],"47":[0,0],"48":[0,0],"49":[0,0],"50":[0,0],"51":[0,0],"52":[0,0,0],"53":[5,0],"54":[1,5],"55":[2,1],"56":[3,2],"57":[26385,0],"58":[43975,26385,26385],"59":[8795,17590],"60":[0,0],"61":[0,0],"62":[0],"63":[0,0],"64":[0,0],"65":[1,3],"66":[1,2],"67":[1,1]},"_coverageSchema":"1a1c01bbd47fc00a2c39e90264f33305004495a9","hash":"a966d546e9dd2afdd15d550f82ef54a47db80d19"}
,"C:\\Projects\\Open Solution\\mainMenu.js": {"path":"C:\\Projects\\Open Solution\\mainMenu.js","statementMap":{"0":{"start":{"line":13,"column":0},"end":{"line":229,"column":2}},"1":{"start":{"line":14,"column":21},"end":{"line":14,"column":40}},"2":{"start":{"line":15,"column":17},"end":{"line":15,"column":32}},"3":{"start":{"line":16,"column":19},"end":{"line":16,"column":36}},"4":{"start":{"line":17,"column":19},"end":{"line":17,"column":38}},"5":{"start":{"line":18,"column":15},"end":{"line":18,"column":19}},"6":{"start":{"line":19,"column":24},"end":{"line":19,"column":26}},"7":{"start":{"line":21,"column":4},"end":{"line":29,"column":5}},"8":{"start":{"line":22,"column":8},"end":{"line":26,"column":9}},"9":{"start":{"line":23,"column":12},"end":{"line":23,"column":39}},"10":{"start":{"line":25,"column":12},"end":{"line":25,"column":32}},"11":{"start":{"line":28,"column":8},"end":{"line":28,"column":61}},"12":{"start":{"line":32,"column":8},"end":{"line":35,"column":11}},"13":{"start":{"line":37,"column":8},"end":{"line":41,"column":9}},"14":{"start":{"line":38,"column":12},"end":{"line":38,"column":35}},"15":{"start":{"line":40,"column":12},"end":{"line":40,"column":35}},"16":{"start":{"line":45,"column":29},"end":{"line":45,"column":149}},"17":{"start":{"line":47,"column":8},"end":{"line":71,"column":11}},"18":{"start":{"line":48,"column":12},"end":{"line":48,"column":47}},"19":{"start":{"line":50,"column":12},"end":{"line":70,"column":13}},"20":{"start":{"line":52,"column":16},"end":{"line":52,"column":35}},"21":{"start":{"line":53,"column":16},"end":{"line":53,"column":54}},"22":{"start":{"line":56,"column":16},"end":{"line":56,"column":38}},"23":{"start":{"line":57,"column":33},"end":{"line":62,"column":18}},"24":{"start":{"line":58,"column":37},"end":{"line":58,"column":75}},"25":{"start":{"line":59,"column":36},"end":{"line":59,"column":73}},"26":{"start":{"line":61,"column":21},"end":{"line":61,"column":80}},"27":{"start":{"line":64,"column":16},"end":{"line":69,"column":17}},"28":{"start":{"line":65,"column":20},"end":{"line":65,"column":84}},"29":{"start":{"line":66,"column":20},"end":{"line":66,"column":43}},"30":{"start":{"line":68,"column":20},"end":{"line":68,"column":59}},"31":{"start":{"line":75,"column":8},"end":{"line":75,"column":26}},"32":{"start":{"line":77,"column":32},"end":{"line":77,"column":78}},"33":{"start":{"line":80,"column":29},"end":{"line":80,"column":38}},"34":{"start":{"line":81,"column":8},"end":{"line":83,"column":9}},"35":{"start":{"line":82,"column":12},"end":{"line":82,"column":48}},"36":{"start":{"line":86,"column":33},"end":{"line":86,"column":35}},"37":{"start":{"line":87,"column":8},"end":{"line":99,"column":9}},"38":{"start":{"line":88,"column":12},"end":{"line":88,"column":55}},"39":{"start":{"line":89,"column":12},"end":{"line":97,"column":15}},"40":{"start":{"line":90,"column":37},"end":{"line":90,"column":85}},"41":{"start":{"line":90,"column":59},"end":{"line":90,"column":84}},"42":{"start":{"line":91,"column":16},"end":{"line":96,"column":17}},"43":{"start":{"line":92,"column":20},"end":{"line":92,"column":58}},"44":{"start":{"line":93,"column":37},"end":{"line":93,"column":85}},"45":{"start":{"line":94,"column":36},"end":{"line":94,"column":74}},"46":{"start":{"line":95,"column":20},"end":{"line":95,"column":99}},"47":{"start":{"line":98,"column":12},"end":{"line":98,"column":28}},"48":{"start":{"line":102,"column":8},"end":{"line":105,"column":9}},"49":{"start":{"line":103,"column":12},"end":{"line":103,"column":110}},"50":{"start":{"line":104,"column":12},"end":{"line":104,"column":28}},"51":{"start":{"line":108,"column":8},"end":{"line":113,"column":11}},"52":{"start":{"line":110,"column":12},"end":{"line":112,"column":13}},"53":{"start":{"line":110,"column":46},"end":{"line":110,"column":66}},"54":{"start":{"line":111,"column":16},"end":{"line":111,"column":40}},"55":{"start":{"line":116,"column":27},"end":{"line":116,"column":28}},"56":{"start":{"line":117,"column":8},"end":{"line":127,"column":9}},"57":{"start":{"line":117,"column":21},"end":{"line":117,"column":22}},"58":{"start":{"line":118,"column":25},"end":{"line":118,"column":40}},"59":{"start":{"line":119,"column":12},"end":{"line":126,"column":13}},"60":{"start":{"line":120,"column":16},"end":{"line":120,"column":56}},"61":{"start":{"line":121,"column":16},"end":{"line":121,"column":31}},"62":{"start":{"line":123,"column":33},"end":{"line":123,"column":65}},"63":{"start":{"line":124,"column":16},"end":{"line":124,"column":87}},"64":{"start":{"line":125,"column":16},"end":{"line":125,"column":31}},"65":{"start":{"line":130,"column":32},"end":{"line":130,"column":71}},"66":{"start":{"line":132,"column":8},"end":{"line":132,"column":97}},"67":{"start":{"line":134,"column":8},"end":{"line":134,"column":78}},"68":{"start":{"line":138,"column":8},"end":{"line":163,"column":11}},"69":{"start":{"line":139,"column":12},"end":{"line":139,"column":33}},"70":{"start":{"line":141,"column":12},"end":{"line":145,"column":13}},"71":{"start":{"line":143,"column":16},"end":{"line":143,"column":39}},"72":{"start":{"line":144,"column":16},"end":{"line":144,"column":23}},"73":{"start":{"line":147,"column":31},"end":{"line":147,"column":46}},"74":{"start":{"line":148,"column":31},"end":{"line":148,"column":78}},"75":{"start":{"line":150,"column":12},"end":{"line":154,"column":13}},"76":{"start":{"line":151,"column":16},"end":{"line":151,"column":74}},"77":{"start":{"line":152,"column":16},"end":{"line":152,"column":75}},"78":{"start":{"line":153,"column":16},"end":{"line":153,"column":23}},"79":{"start":{"line":156,"column":12},"end":{"line":159,"column":13}},"80":{"start":{"line":157,"column":16},"end":{"line":157,"column":39}},"81":{"start":{"line":157,"column":26},"end":{"line":157,"column":39}},"82":{"start":{"line":158,"column":16},"end":{"line":158,"column":31}},"83":{"start":{"line":161,"column":12},"end":{"line":161,"column":96}},"84":{"start":{"line":162,"column":12},"end":{"line":162,"column":35}},"85":{"start":{"line":162,"column":22},"end":{"line":162,"column":35}},"86":{"start":{"line":168,"column":32},"end":{"line":168,"column":71}},"87":{"start":{"line":170,"column":8},"end":{"line":184,"column":9}},"88":{"start":{"line":172,"column":12},"end":{"line":174,"column":15}},"89":{"start":{"line":173,"column":16},"end":{"line":173,"column":35}},"90":{"start":{"line":175,"column":15},"end":{"line":184,"column":9}},"91":{"start":{"line":177,"column":12},"end":{"line":177,"column":31}},"92":{"start":{"line":178,"column":12},"end":{"line":178,"column":35}},"93":{"start":{"line":178,"column":22},"end":{"line":178,"column":35}},"94":{"start":{"line":179,"column":12},"end":{"line":179,"column":31}},"95":{"start":{"line":182,"column":33},"end":{"line":182,"column":64}},"96":{"start":{"line":183,"column":12},"end":{"line":183,"column":39}},"97":{"start":{"line":188,"column":26},"end":{"line":188,"column":50}},"98":{"start":{"line":190,"column":8},"end":{"line":193,"column":9}},"99":{"start":{"line":191,"column":12},"end":{"line":191,"column":68}},"100":{"start":{"line":192,"column":12},"end":{"line":192,"column":19}},"101":{"start":{"line":196,"column":8},"end":{"line":196,"column":50}},"102":{"start":{"line":198,"column":24},"end":{"line":198,"column":41}},"103":{"start":{"line":199,"column":25},"end":{"line":199,"column":27}},"104":{"start":{"line":201,"column":8},"end":{"line":209,"column":9}},"105":{"start":{"line":202,"column":12},"end":{"line":202,"column":66}},"106":{"start":{"line":203,"column":15},"end":{"line":209,"column":9}},"107":{"start":{"line":204,"column":12},"end":{"line":208,"column":13}},"108":{"start":{"line":205,"column":16},"end":{"line":205,"column":72}},"109":{"start":{"line":206,"column":19},"end":{"line":208,"column":13}},"110":{"start":{"line":207,"column":16},"end":{"line":207,"column":70}},"111":{"start":{"line":211,"column":8},"end":{"line":214,"column":9}},"112":{"start":{"line":212,"column":12},"end":{"line":212,"column":83}},"113":{"start":{"line":213,"column":12},"end":{"line":213,"column":19}},"114":{"start":{"line":216,"column":27},"end":{"line":219,"column":10}},"115":{"start":{"line":221,"column":8},"end":{"line":227,"column":9}},"116":{"start":{"line":222,"column":12},"end":{"line":224,"column":15}},"117":{"start":{"line":223,"column":16},"end":{"line":223,"column":78}},"118":{"start":{"line":226,"column":12},"end":{"line":226,"column":31}}},"fnMap":{"0":{"name":"(anonymous_0)","decl":{"start":{"line":13,"column":30},"end":{"line":13,"column":31}},"loc":{"start":{"line":13,"column":60},"end":{"line":229,"column":1}},"line":13},"1":{"name":"showMenu","decl":{"start":{"line":31,"column":13},"end":{"line":31,"column":21}},"loc":{"start":{"line":31,"column":32},"end":{"line":42,"column":5}},"line":31},"2":{"name":"promptSearch","decl":{"start":{"line":44,"column":13},"end":{"line":44,"column":25}},"loc":{"start":{"line":44,"column":36},"end":{"line":72,"column":5}},"line":44},"3":{"name":"(anonymous_3)","decl":{"start":{"line":47,"column":43},"end":{"line":47,"column":44}},"loc":{"start":{"line":47,"column":59},"end":{"line":71,"column":9}},"line":47},"4":{"name":"(anonymous_4)","decl":{"start":{"line":57,"column":49},"end":{"line":57,"column":50}},"loc":{"start":{"line":57,"column":57},"end":{"line":62,"column":17}},"line":57},"5":{"name":"displayMenu","decl":{"start":{"line":74,"column":13},"end":{"line":74,"column":24}},"loc":{"start":{"line":74,"column":62},"end":{"line":135,"column":5}},"line":74},"6":{"name":"(anonymous_6)","decl":{"start":{"line":89,"column":36},"end":{"line":89,"column":37}},"loc":{"start":{"line":89,"column":46},"end":{"line":97,"column":13}},"line":89},"7":{"name":"(anonymous_7)","decl":{"start":{"line":90,"column":51},"end":{"line":90,"column":52}},"loc":{"start":{"line":90,"column":59},"end":{"line":90,"column":84}},"line":90},"8":{"name":"(anonymous_8)","decl":{"start":{"line":108,"column":30},"end":{"line":108,"column":31}},"loc":{"start":{"line":108,"column":38},"end":{"line":113,"column":9}},"line":108},"9":{"name":"(anonymous_9)","decl":{"start":{"line":110,"column":41},"end":{"line":110,"column":42}},"loc":{"start":{"line":110,"column":46},"end":{"line":110,"column":66}},"line":110},"10":{"name":"createMenu","decl":{"start":{"line":137,"column":13},"end":{"line":137,"column":23}},"loc":{"start":{"line":137,"column":83},"end":{"line":164,"column":5}},"line":137},"11":{"name":"(anonymous_11)","decl":{"start":{"line":138,"column":77},"end":{"line":138,"column":78}},"loc":{"start":{"line":138,"column":93},"end":{"line":163,"column":9}},"line":138},"12":{"name":"openSolution","decl":{"start":{"line":166,"column":13},"end":{"line":166,"column":25}},"loc":{"start":{"line":166,"column":97},"end":{"line":185,"column":5}},"line":166},"13":{"name":"(anonymous_13)","decl":{"start":{"line":172,"column":34},"end":{"line":172,"column":35}},"loc":{"start":{"line":172,"column":44},"end":{"line":174,"column":13}},"line":172},"14":{"name":"spanSolution","decl":{"start":{"line":187,"column":13},"end":{"line":187,"column":25}},"loc":{"start":{"line":187,"column":40},"end":{"line":228,"column":5}},"line":187},"15":{"name":"(anonymous_15)","decl":{"start":{"line":222,"column":35},"end":{"line":222,"column":36}},"loc":{"start":{"line":222,"column":46},"end":{"line":224,"column":13}},"line":222}},"branchMap":{"0":{"loc":{"start":{"line":21,"column":4},"end":{"line":29,"column":5}},"type":"if","locations":[{"start":{"line":21,"column":4},"end":{"line":29,"column":5}},{"start":{"line":27,"column":11},"end":{"line":29,"column":5}}],"line":21},"1":{"loc":{"start":{"line":22,"column":8},"end":{"line":26,"column":9}},"type":"if","locations":[{"start":{"line":22,"column":8},"end":{"line":26,"column":9}},{"start":{"line":24,"column":15},"end":{"line":26,"column":9}}],"line":22},"2":{"loc":{"start":{"line":37,"column":8},"end":{"line":41,"column":9}},"type":"if","locations":[{"start":{"line":37,"column":8},"end":{"line":41,"column":9}},{"start":{"line":39,"column":15},"end":{"line":41,"column":9}}],"line":37},"3":{"loc":{"start":{"line":45,"column":29},"end":{"line":45,"column":149}},"type":"cond-expr","locations":[{"start":{"line":45,"column":45},"end":{"line":45,"column":97}},{"start":{"line":45,"column":100},"end":{"line":45,"column":149}}],"line":45},"4":{"loc":{"start":{"line":50,"column":12},"end":{"line":70,"column":13}},"type":"if","locations":[{"start":{"line":50,"column":12},"end":{"line":70,"column":13}},{"start":{"line":54,"column":19},"end":{"line":70,"column":13}}],"line":50},"5":{"loc":{"start":{"line":61,"column":28},"end":{"line":61,"column":79}},"type":"binary-expr","locations":[{"start":{"line":61,"column":28},"end":{"line":61,"column":52}},{"start":{"line":61,"column":56},"end":{"line":61,"column":79}}],"line":61},"6":{"loc":{"start":{"line":64,"column":16},"end":{"line":69,"column":17}},"type":"if","locations":[{"start":{"line":64,"column":16},"end":{"line":69,"column":17}},{"start":{"line":67,"column":23},"end":{"line":69,"column":17}}],"line":64},"7":{"loc":{"start":{"line":77,"column":32},"end":{"line":77,"column":78}},"type":"cond-expr","locations":[{"start":{"line":77,"column":45},"end":{"line":77,"column":73}},{"start":{"line":77,"column":76},"end":{"line":77,"column":78}}],"line":77},"8":{"loc":{"start":{"line":81,"column":8},"end":{"line":83,"column":9}},"type":"if","locations":[{"start":{"line":81,"column":8},"end":{"line":83,"column":9}},{"start":{},"end":{}}],"line":81},"9":{"loc":{"start":{"line":87,"column":8},"end":{"line":99,"column":9}},"type":"if","locations":[{"start":{"line":87,"column":8},"end":{"line":99,"column":9}},{"start":{},"end":{}}],"line":87},"10":{"loc":{"start":{"line":87,"column":12},"end":{"line":87,"column":52}},"type":"binary-expr","locations":[{"start":{"line":87,"column":12},"end":{"line":87,"column":22}},{"start":{"line":87,"column":26},"end":{"line":87,"column":52}}],"line":87},"11":{"loc":{"start":{"line":91,"column":16},"end":{"line":96,"column":17}},"type":"if","locations":[{"start":{"line":91,"column":16},"end":{"line":96,"column":17}},{"start":{},"end":{}}],"line":91},"12":{"loc":{"start":{"line":93,"column":37},"end":{"line":93,"column":85}},"type":"cond-expr","locations":[{"start":{"line":93,"column":56},"end":{"line":93,"column":80}},{"start":{"line":93,"column":83},"end":{"line":93,"column":85}}],"line":93},"13":{"loc":{"start":{"line":102,"column":8},"end":{"line":105,"column":9}},"type":"if","locations":[{"start":{"line":102,"column":8},"end":{"line":105,"column":9}},{"start":{},"end":{}}],"line":102},"14":{"loc":{"start":{"line":110,"column":12},"end":{"line":112,"column":13}},"type":"if","locations":[{"start":{"line":110,"column":12},"end":{"line":112,"column":13}},{"start":{},"end":{}}],"line":110},"15":{"loc":{"start":{"line":119,"column":12},"end":{"line":126,"column":13}},"type":"if","locations":[{"start":{"line":119,"column":12},"end":{"line":126,"column":13}},{"start":{"line":122,"column":19},"end":{"line":126,"column":13}}],"line":119},"16":{"loc":{"start":{"line":123,"column":33},"end":{"line":123,"column":65}},"type":"cond-expr","locations":[{"start":{"line":123,"column":44},"end":{"line":123,"column":60}},{"start":{"line":123,"column":63},"end":{"line":123,"column":65}}],"line":123},"17":{"loc":{"start":{"line":132,"column":57},"end":{"line":132,"column":94}},"type":"cond-expr","locations":[{"start":{"line":132,"column":73},"end":{"line":132,"column":85}},{"start":{"line":132,"column":88},"end":{"line":132,"column":94}}],"line":132},"18":{"loc":{"start":{"line":141,"column":12},"end":{"line":145,"column":13}},"type":"if","locations":[{"start":{"line":141,"column":12},"end":{"line":145,"column":13}},{"start":{},"end":{}}],"line":141},"19":{"loc":{"start":{"line":150,"column":12},"end":{"line":154,"column":13}},"type":"if","locations":[{"start":{"line":150,"column":12},"end":{"line":154,"column":13}},{"start":{},"end":{}}],"line":150},"20":{"loc":{"start":{"line":150,"column":16},"end":{"line":150,"column":82}},"type":"binary-expr","locations":[{"start":{"line":150,"column":16},"end":{"line":150,"column":33}},{"start":{"line":150,"column":37},"end":{"line":150,"column":51}},{"start":{"line":150,"column":55},"end":{"line":150,"column":82}}],"line":150},"21":{"loc":{"start":{"line":156,"column":12},"end":{"line":159,"column":13}},"type":"if","locations":[{"start":{"line":156,"column":12},"end":{"line":159,"column":13}},{"start":{},"end":{}}],"line":156},"22":{"loc":{"start":{"line":157,"column":16},"end":{"line":157,"column":39}},"type":"if","locations":[{"start":{"line":157,"column":16},"end":{"line":157,"column":39}},{"start":{},"end":{}}],"line":157},"23":{"loc":{"start":{"line":162,"column":12},"end":{"line":162,"column":35}},"type":"if","locations":[{"start":{"line":162,"column":12},"end":{"line":162,"column":35}},{"start":{},"end":{}}],"line":162},"24":{"loc":{"start":{"line":170,"column":8},"end":{"line":184,"column":9}},"type":"if","locations":[{"start":{"line":170,"column":8},"end":{"line":184,"column":9}},{"start":{"line":175,"column":15},"end":{"line":184,"column":9}}],"line":170},"25":{"loc":{"start":{"line":175,"column":15},"end":{"line":184,"column":9}},"type":"if","locations":[{"start":{"line":175,"column":15},"end":{"line":184,"column":9}},{"start":{"line":180,"column":15},"end":{"line":184,"column":9}}],"line":175},"26":{"loc":{"start":{"line":178,"column":12},"end":{"line":178,"column":35}},"type":"if","locations":[{"start":{"line":178,"column":12},"end":{"line":178,"column":35}},{"start":{},"end":{}}],"line":178},"27":{"loc":{"start":{"line":190,"column":8},"end":{"line":193,"column":9}},"type":"if","locations":[{"start":{"line":190,"column":8},"end":{"line":193,"column":9}},{"start":{},"end":{}}],"line":190},"28":{"loc":{"start":{"line":190,"column":12},"end":{"line":190,"column":61}},"type":"binary-expr","locations":[{"start":{"line":190,"column":12},"end":{"line":190,"column":25}},{"start":{"line":190,"column":29},"end":{"line":190,"column":61}}],"line":190},"29":{"loc":{"start":{"line":201,"column":8},"end":{"line":209,"column":9}},"type":"if","locations":[{"start":{"line":201,"column":8},"end":{"line":209,"column":9}},{"start":{"line":203,"column":15},"end":{"line":209,"column":9}}],"line":201},"30":{"loc":{"start":{"line":203,"column":15},"end":{"line":209,"column":9}},"type":"if","locations":[{"start":{"line":203,"column":15},"end":{"line":209,"column":9}},{"start":{},"end":{}}],"line":203},"31":{"loc":{"start":{"line":204,"column":12},"end":{"line":208,"column":13}},"type":"if","locations":[{"start":{"line":204,"column":12},"end":{"line":208,"column":13}},{"start":{"line":206,"column":19},"end":{"line":208,"column":13}}],"line":204},"32":{"loc":{"start":{"line":204,"column":16},"end":{"line":204,"column":77}},"type":"binary-expr","locations":[{"start":{"line":204,"column":16},"end":{"line":204,"column":55}},{"start":{"line":204,"column":59},"end":{"line":204,"column":77}}],"line":204},"33":{"loc":{"start":{"line":206,"column":19},"end":{"line":208,"column":13}},"type":"if","locations":[{"start":{"line":206,"column":19},"end":{"line":208,"column":13}},{"start":{},"end":{}}],"line":206},"34":{"loc":{"start":{"line":206,"column":23},"end":{"line":206,"column":82}},"type":"binary-expr","locations":[{"start":{"line":206,"column":23},"end":{"line":206,"column":61}},{"start":{"line":206,"column":65},"end":{"line":206,"column":82}}],"line":206},"35":{"loc":{"start":{"line":211,"column":8},"end":{"line":214,"column":9}},"type":"if","locations":[{"start":{"line":211,"column":8},"end":{"line":214,"column":9}},{"start":{},"end":{}}],"line":211},"36":{"loc":{"start":{"line":221,"column":8},"end":{"line":227,"column":9}},"type":"if","locations":[{"start":{"line":221,"column":8},"end":{"line":227,"column":9}},{"start":{},"end":{}}],"line":221}},"s":{"0":11,"1":11,"2":11,"3":11,"4":11,"5":11,"6":11,"7":11,"8":10,"9":0,"10":10,"11":1,"12":10,"13":10,"14":0,"15":10,"16":10,"17":10,"18":0,"19":0,"20":0,"21":0,"22":0,"23":0,"24":0,"25":0,"26":0,"27":0,"28":0,"29":0,"30":0,"31":0,"32":0,"33":0,"34":0,"35":0,"36":0,"37":0,"38":0,"39":0,"40":0,"41":0,"42":0,"43":0,"44":0,"45":0,"46":0,"47":0,"48":0,"49":0,"50":0,"51":0,"52":0,"53":0,"54":0,"55":0,"56":0,"57":0,"58":0,"59":0,"60":0,"61":0,"62":0,"63":0,"64":0,"65":0,"66":0,"67":0,"68":0,"69":0,"70":0,"71":0,"72":0,"73":0,"74":0,"75":0,"76":0,"77":0,"78":0,"79":0,"80":0,"81":0,"82":0,"83":0,"84":0,"85":0,"86":0,"87":0,"88":0,"89":0,"90":0,"91":0,"92":0,"93":0,"94":0,"95":0,"96":0,"97":0,"98":0,"99":0,"100":0,"101":0,"102":0,"103":0,"104":0,"105":0,"106":0,"107":0,"108":0,"109":0,"110":0,"111":0,"112":0,"113":0,"114":0,"115":0,"116":0,"117":0,"118":0},"f":{"0":11,"1":10,"2":10,"3":0,"4":0,"5":0,"6":0,"7":0,"8":0,"9":0,"10":0,"11":0,"12":0,"13":0,"14":0,"15":0},"b":{"0":[10,1],"1":[0,10],"2":[0,10],"3":[0,10],"4":[0,0],"5":[0,0],"6":[0,0],"7":[0,0],"8":[0,0],"9":[0,0],"10":[0,0],"11":[0,0],"12":[0,0],"13":[0,0],"14":[0,0],"15":[0,0],"16":[0,0],"17":[0,0],"18":[0,0],"19":[0,0],"20":[0,0,0],"21":[0,0],"22":[0,0],"23":[0,0],"24":[0,0],"25":[0,0],"26":[0,0],"27":[0,0],"28":[0,0],"29":[0,0],"30":[0,0],"31":[0,0],"32":[0,0],"33":[0,0],"34":[0,0],"35":[0,0],"36":[0,0]},"_coverageSchema":"1a1c01bbd47fc00a2c39e90264f33305004495a9","hash":"0629475c11e8d30a5c47cfab2c23325087c13385"}
}
