TN:
SF:config.js
FN:7,detectInstalledIDEs
FN:26,(anonymous_1)
FN:41,(anonymous_2)
FN:63,(anonymous_3)
FN:66,(anonymous_4)
FN:68,(anonymous_5)
FN:91,(anonymous_6)
FN:111,(anonymous_7)
FN:115,(anonymous_8)
FN:142,(anonymous_9)
FN:173,promptForIDEPaths
FN:179,(anonymous_11)
FN:199,promptForVSPath
FN:202,(anonymous_13)
FN:206,(anonymous_14)
FN:224,promptForVSPathManual
FN:225,(anonymous_16)
FN:240,promptForRiderPath
FN:243,(anonymous_18)
FN:247,(anonymous_19)
FN:265,promptForRiderPathManual
FN:266,(anonymous_21)
FN:281,promptForIDEAPath
FN:284,(anonymous_23)
FN:288,(anonymous_24)
FN:306,promptForIDEAPathManual
FN:307,(anonymous_26)
FN:322,finishConfiguration
FN:342,(anonymous_28)
FN:370,readIgnoreFile
FN:382,(anonymous_30)
FN:397,(anonymous_31)
FN:408,(anonymous_32)
FN:416,walkDirectory
FN:426,(anonymous_34)
FN:457,(anonymous_35)
FN:478,(anonymous_36)
FN:492,(anonymous_37)
FN:516,formatTimeAgo
FNF:39
FNH:14
FNDA:2,detectInstalledIDEs
FNDA:0,(anonymous_1)
FNDA:0,(anonymous_2)
FNDA:0,(anonymous_3)
FNDA:0,(anonymous_4)
FNDA:0,(anonymous_5)
FNDA:0,(anonymous_6)
FNDA:0,(anonymous_7)
FNDA:0,(anonymous_8)
FNDA:3,(anonymous_9)
FNDA:2,promptForIDEPaths
FNDA:2,(anonymous_11)
FNDA:2,promptForVSPath
FNDA:0,(anonymous_13)
FNDA:0,(anonymous_14)
FNDA:3,promptForVSPathManual
FNDA:1,(anonymous_16)
FNDA:0,promptForRiderPath
FNDA:0,(anonymous_18)
FNDA:0,(anonymous_19)
FNDA:0,promptForRiderPathManual
FNDA:0,(anonymous_21)
FNDA:0,promptForIDEAPath
FNDA:0,(anonymous_23)
FNDA:0,(anonymous_24)
FNDA:0,promptForIDEAPathManual
FNDA:0,(anonymous_26)
FNDA:0,finishConfiguration
FNDA:5,(anonymous_28)
FNDA:6,readIgnoreFile
FNDA:3,(anonymous_30)
FNDA:6,(anonymous_31)
FNDA:0,(anonymous_32)
FNDA:8801,walkDirectory
FNDA:43975,(anonymous_34)
FNDA:0,(anonymous_35)
FNDA:0,(anonymous_36)
FNDA:0,(anonymous_37)
FNDA:4,formatTimeAgo
DA:8,2
DA:9,2
DA:10,2
DA:11,2
DA:17,2
DA:19,2
DA:22,2
DA:23,2
DA:24,2
DA:25,0
DA:26,0
DA:27,0
DA:28,0
DA:29,0
DA:30,0
DA:37,2
DA:38,2
DA:39,2
DA:40,0
DA:41,0
DA:42,0
DA:43,0
DA:44,0
DA:45,0
DA:46,0
DA:48,0
DA:49,0
DA:50,0
DA:51,0
DA:59,2
DA:60,2
DA:61,2
DA:62,0
DA:63,0
DA:64,0
DA:65,0
DA:66,0
DA:67,0
DA:68,0
DA:69,0
DA:70,0
DA:71,0
DA:72,0
DA:73,0
DA:75,0
DA:76,0
DA:77,0
DA:78,0
DA:86,0
DA:88,0
DA:89,0
DA:90,0
DA:91,0
DA:92,0
DA:93,0
DA:94,0
DA:95,0
DA:96,0
DA:97,0
DA:98,0
DA:99,0
DA:100,0
DA:106,0
DA:111,0
DA:112,0
DA:113,0
DA:114,0
DA:115,0
DA:116,0
DA:117,0
DA:118,0
DA:119,0
DA:121,0
DA:122,0
DA:123,0
DA:124,0
DA:133,2
DA:142,30
DA:143,3
DA:144,3
DA:145,3
DA:146,3
DA:147,3
DA:148,3
DA:151,3
DA:152,3
DA:153,3
DA:155,3
DA:157,3
DA:159,3
DA:166,3
DA:167,1
DA:171,2
DA:174,2
DA:179,2
DA:180,2
DA:181,2
DA:182,2
DA:184,2
DA:187,2
DA:188,2
DA:189,2
DA:190,2
DA:191,2
DA:192,2
DA:193,2
DA:194,2
DA:197,2
DA:200,2
DA:201,0
DA:202,0
DA:203,0
DA:205,0
DA:206,0
DA:207,0
DA:208,0
DA:209,0
DA:210,0
DA:211,0
DA:212,0
DA:213,0
DA:215,0
DA:216,0
DA:220,2
DA:225,3
DA:226,1
DA:227,1
DA:228,1
DA:229,1
DA:230,1
DA:231,1
DA:233,0
DA:234,0
DA:236,0
DA:241,0
DA:242,0
DA:243,0
DA:244,0
DA:246,0
DA:247,0
DA:248,0
DA:249,0
DA:250,0
DA:251,0
DA:252,0
DA:253,0
DA:254,0
DA:256,0
DA:257,0
DA:261,0
DA:266,0
DA:267,0
DA:268,0
DA:269,0
DA:270,0
DA:271,0
DA:272,0
DA:274,0
DA:275,0
DA:277,0
DA:282,0
DA:283,0
DA:284,0
DA:285,0
DA:287,0
DA:288,0
DA:289,0
DA:290,0
DA:291,0
DA:292,0
DA:293,0
DA:294,0
DA:295,0
DA:297,0
DA:298,0
DA:302,0
DA:307,0
DA:308,0
DA:309,0
DA:310,0
DA:311,0
DA:312,0
DA:313,0
DA:315,0
DA:316,0
DA:318,0
DA:323,0
DA:324,0
DA:325,0
DA:327,0
DA:329,0
DA:330,0
DA:331,0
DA:342,30
DA:343,5
DA:344,5
DA:346,5
DA:354,5
DA:371,6
DA:372,6
DA:374,6
DA:375,6
DA:378,6
DA:379,1
DA:380,1
DA:382,1
DA:383,3
DA:385,3
DA:386,2
DA:394,6
DA:397,30
DA:398,6
DA:399,6
DA:400,6
DA:401,6
DA:403,6
DA:405,6
DA:408,6
DA:409,0
DA:410,0
DA:413,6
DA:417,8801
DA:418,8801
DA:419,8801
DA:420,26386
DA:421,26385
DA:422,26385
DA:423,26385
DA:425,26385
DA:426,26385
DA:427,43975
DA:429,43975
DA:432,26385
DA:433,0
DA:434,0
DA:435,0
DA:448,6
DA:449,6
DA:457,30
DA:458,0
DA:459,0
DA:460,0
DA:461,0
DA:463,0
DA:464,0
DA:466,0
DA:469,0
DA:471,0
DA:478,30
DA:479,0
DA:480,0
DA:481,0
DA:482,0
DA:484,0
DA:485,0
DA:487,0
DA:489,0
DA:492,0
DA:495,0
DA:501,0
DA:504,0
DA:506,0
DA:507,0
DA:517,4
DA:518,4
DA:519,4
DA:520,4
DA:521,4
DA:522,4
DA:525,4
DA:526,3
DA:527,2
DA:529,1
DA:532,30
LF:274
LH:109
BRDA:17,0,0,2
BRDA:17,0,1,0
BRDA:19,1,0,2
BRDA:19,1,1,0
BRDA:24,2,0,0
BRDA:24,2,1,2
BRDA:29,3,0,0
BRDA:29,3,1,0
BRDA:39,4,0,0
BRDA:39,4,1,2
BRDA:43,5,0,0
BRDA:43,5,1,0
BRDA:45,6,0,0
BRDA:45,6,1,0
BRDA:48,7,0,0
BRDA:48,7,1,0
BRDA:50,8,0,0
BRDA:50,8,1,0
BRDA:61,9,0,0
BRDA:61,9,1,2
BRDA:70,10,0,0
BRDA:70,10,1,0
BRDA:72,11,0,0
BRDA:72,11,1,0
BRDA:75,12,0,0
BRDA:75,12,1,0
BRDA:77,13,0,0
BRDA:77,13,1,0
BRDA:86,14,0,0
BRDA:86,14,1,0
BRDA:92,15,0,0
BRDA:92,15,1,0
BRDA:95,16,0,0
BRDA:95,16,1,0
BRDA:98,17,0,0
BRDA:98,17,1,0
BRDA:113,18,0,0
BRDA:113,18,1,0
BRDA:116,19,0,0
BRDA:116,19,1,0
BRDA:118,20,0,0
BRDA:118,20,1,0
BRDA:121,21,0,0
BRDA:121,21,1,0
BRDA:123,22,0,0
BRDA:123,22,1,0
BRDA:152,23,0,3
BRDA:152,23,1,0
BRDA:160,24,0,3
BRDA:160,24,1,2
BRDA:161,25,0,3
BRDA:161,25,1,3
BRDA:162,26,0,3
BRDA:162,26,1,3
BRDA:166,27,0,1
BRDA:166,27,1,2
BRDA:188,28,0,2
BRDA:188,28,1,0
BRDA:200,29,0,0
BRDA:200,29,1,2
BRDA:208,30,0,0
BRDA:208,30,1,0
BRDA:208,31,0,0
BRDA:208,31,1,0
BRDA:212,32,0,0
BRDA:212,32,1,0
BRDA:227,33,0,1
BRDA:227,33,1,0
BRDA:229,34,0,1
BRDA:229,34,1,0
BRDA:241,35,0,0
BRDA:241,35,1,0
BRDA:249,36,0,0
BRDA:249,36,1,0
BRDA:249,37,0,0
BRDA:249,37,1,0
BRDA:253,38,0,0
BRDA:253,38,1,0
BRDA:268,39,0,0
BRDA:268,39,1,0
BRDA:269,40,0,0
BRDA:269,40,1,0
BRDA:270,41,0,0
BRDA:270,41,1,0
BRDA:270,42,0,0
BRDA:270,42,1,0
BRDA:282,43,0,0
BRDA:282,43,1,0
BRDA:290,44,0,0
BRDA:290,44,1,0
BRDA:290,45,0,0
BRDA:290,45,1,0
BRDA:294,46,0,0
BRDA:294,46,1,0
BRDA:309,47,0,0
BRDA:309,47,1,0
BRDA:310,48,0,0
BRDA:310,48,1,0
BRDA:311,49,0,0
BRDA:311,49,1,0
BRDA:311,50,0,0
BRDA:311,50,1,0
BRDA:324,51,0,0
BRDA:324,51,1,0
BRDA:324,52,0,0
BRDA:324,52,1,0
BRDA:324,52,2,0
BRDA:354,53,0,5
BRDA:354,53,1,0
BRDA:378,54,0,1
BRDA:378,54,1,5
BRDA:385,55,0,2
BRDA:385,55,1,1
BRDA:385,56,0,3
BRDA:385,56,1,2
BRDA:423,57,0,26385
BRDA:423,57,1,0
BRDA:429,58,0,43975
BRDA:429,58,1,26385
BRDA:429,58,2,26385
BRDA:432,59,0,8795
BRDA:432,59,1,17590
BRDA:433,60,0,0
BRDA:433,60,1,0
BRDA:433,61,0,0
BRDA:433,61,1,0
BRDA:457,62,0,0
BRDA:469,63,0,0
BRDA:469,63,1,0
BRDA:489,64,0,0
BRDA:489,64,1,0
BRDA:525,65,0,1
BRDA:525,65,1,3
BRDA:526,66,0,1
BRDA:526,66,1,2
BRDA:527,67,0,1
BRDA:527,67,1,1
BRF:137
BRH:37
end_of_record
TN:
SF:mainMenu.js
FN:13,(anonymous_0)
FN:31,showMenu
FN:44,promptSearch
FN:47,(anonymous_3)
FN:57,(anonymous_4)
FN:74,displayMenu
FN:89,(anonymous_6)
FN:90,(anonymous_7)
FN:108,(anonymous_8)
FN:110,(anonymous_9)
FN:137,createMenu
FN:138,(anonymous_11)
FN:166,openSolution
FN:172,(anonymous_13)
FN:187,spanSolution
FN:222,(anonymous_15)
FNF:16
FNH:3
FNDA:11,(anonymous_0)
FNDA:10,showMenu
FNDA:10,promptSearch
FNDA:0,(anonymous_3)
FNDA:0,(anonymous_4)
FNDA:0,displayMenu
FNDA:0,(anonymous_6)
FNDA:0,(anonymous_7)
FNDA:0,(anonymous_8)
FNDA:0,(anonymous_9)
FNDA:0,createMenu
FNDA:0,(anonymous_11)
FNDA:0,openSolution
FNDA:0,(anonymous_13)
FNDA:0,spanSolution
FNDA:0,(anonymous_15)
DA:13,11
DA:14,11
DA:15,11
DA:16,11
DA:17,11
DA:18,11
DA:19,11
DA:21,11
DA:22,10
DA:23,0
DA:25,10
DA:28,1
DA:32,10
DA:37,10
DA:38,0
DA:40,10
DA:45,10
DA:47,10
DA:48,0
DA:50,0
DA:52,0
DA:53,0
DA:56,0
DA:57,0
DA:58,0
DA:59,0
DA:61,0
DA:64,0
DA:65,0
DA:66,0
DA:68,0
DA:75,0
DA:77,0
DA:80,0
DA:81,0
DA:82,0
DA:86,0
DA:87,0
DA:88,0
DA:89,0
DA:90,0
DA:91,0
DA:92,0
DA:93,0
DA:94,0
DA:95,0
DA:98,0
DA:102,0
DA:103,0
DA:104,0
DA:108,0
DA:110,0
DA:111,0
DA:116,0
DA:117,0
DA:118,0
DA:119,0
DA:120,0
DA:121,0
DA:123,0
DA:124,0
DA:125,0
DA:130,0
DA:132,0
DA:134,0
DA:138,0
DA:139,0
DA:141,0
DA:143,0
DA:144,0
DA:147,0
DA:148,0
DA:150,0
DA:151,0
DA:152,0
DA:153,0
DA:156,0
DA:157,0
DA:158,0
DA:161,0
DA:162,0
DA:168,0
DA:170,0
DA:172,0
DA:173,0
DA:175,0
DA:177,0
DA:178,0
DA:179,0
DA:182,0
DA:183,0
DA:188,0
DA:190,0
DA:191,0
DA:192,0
DA:196,0
DA:198,0
DA:199,0
DA:201,0
DA:202,0
DA:203,0
DA:204,0
DA:205,0
DA:206,0
DA:207,0
DA:211,0
DA:212,0
DA:213,0
DA:216,0
DA:221,0
DA:222,0
DA:223,0
DA:226,0
LF:113
LH:16
BRDA:21,0,0,10
BRDA:21,0,1,1
BRDA:22,1,0,0
BRDA:22,1,1,10
BRDA:37,2,0,0
BRDA:37,2,1,10
BRDA:45,3,0,0
BRDA:45,3,1,10
BRDA:50,4,0,0
BRDA:50,4,1,0
BRDA:61,5,0,0
BRDA:61,5,1,0
BRDA:64,6,0,0
BRDA:64,6,1,0
BRDA:77,7,0,0
BRDA:77,7,1,0
BRDA:81,8,0,0
BRDA:81,8,1,0
BRDA:87,9,0,0
BRDA:87,9,1,0
BRDA:87,10,0,0
BRDA:87,10,1,0
BRDA:91,11,0,0
BRDA:91,11,1,0
BRDA:93,12,0,0
BRDA:93,12,1,0
BRDA:102,13,0,0
BRDA:102,13,1,0
BRDA:110,14,0,0
BRDA:110,14,1,0
BRDA:119,15,0,0
BRDA:119,15,1,0
BRDA:123,16,0,0
BRDA:123,16,1,0
BRDA:132,17,0,0
BRDA:132,17,1,0
BRDA:141,18,0,0
BRDA:141,18,1,0
BRDA:150,19,0,0
BRDA:150,19,1,0
BRDA:150,20,0,0
BRDA:150,20,1,0
BRDA:150,20,2,0
BRDA:156,21,0,0
BRDA:156,21,1,0
BRDA:157,22,0,0
BRDA:157,22,1,0
BRDA:162,23,0,0
BRDA:162,23,1,0
BRDA:170,24,0,0
BRDA:170,24,1,0
BRDA:175,25,0,0
BRDA:175,25,1,0
BRDA:178,26,0,0
BRDA:178,26,1,0
BRDA:190,27,0,0
BRDA:190,27,1,0
BRDA:190,28,0,0
BRDA:190,28,1,0
BRDA:201,29,0,0
BRDA:201,29,1,0
BRDA:203,30,0,0
BRDA:203,30,1,0
BRDA:204,31,0,0
BRDA:204,31,1,0
BRDA:204,32,0,0
BRDA:204,32,1,0
BRDA:206,33,0,0
BRDA:206,33,1,0
BRDA:206,34,0,0
BRDA:206,34,1,0
BRDA:211,35,0,0
BRDA:211,35,1,0
BRDA:221,36,0,0
BRDA:221,36,1,0
BRF:75
BRH:5
end_of_record
